6.9450 	WARNING 	User requested fullscreen with size [1024  768], but screen is actually [1440, 900]. Using actual size
7.7477 	EXP 	Created window1 = Window(allowGUI=True, allowStencil=False, autoLog=True, backendConf=UNKNOWN, backgroundFit=<method-wrapper '__getattribute__' of attributeSetter object at 0x7f872bb124f0>, backgroundImage=<method-wrapper '__getattribute__' of attributeSetter object at 0x7f872bb12490>, bitsMode=UNKNOWN, blendMode='avg', bpc=(8, 8, 8), color=array([0, 0, 0]), colorSpace='rgb', depthBits=8, fullscr=<method-wrapper '__getattribute__' of attributeSetter object at 0x7f872bb12310>, gamma=None, gammaErrorPolicy='raise', lms=UNKNOWN, monitor=<psychopy.monitors.calibTools.Monitor object at 0x7f872bc8cc10>, multiSample=False, name='window1', numSamples=2, pos=[360.0, 225.0], screen=0, size=array([2880, 1800]), stencilBits=0, stereo=False, title='PsychoPy', units='height', useFBO=True, useRetina=True, viewOri=0.0, viewPos=None, viewScale=None, waitBlanking=True, winType='pyglet')
7.7479 	EXP 	window1: mouseVisible = True
7.7479 	EXP 	window1: backgroundImage = ''
7.7479 	EXP 	window1: backgroundFit = 'none'
7.7505 	EXP 	window1: Attempting to measure frame rate of screen (0) ...
7.7505 	EXP 	window1: recordFrameIntervals = False
7.9143 	EXP 	window1: recordFrameIntervals = True
8.0974 	EXP 	Screen (0) actual frame rate measured at 60.02Hz
8.0974 	EXP 	window1: recordFrameIntervals = False
8.0984 	EXP 	window1: mouseVisible = False
10.7851 	EXP 	Framing_HieuLe: status = STARTED
10.7859 	EXP 	window1: mouseVisible = True
10.7862 	EXP 	window1: mouseVisible = True
10.7870 	EXP 	window1: mouseVisible = True
10.7876 	EXP 	window1: mouseVisible = True
10.7971 	EXP 	window1: mouseVisible = True
10.7973 	EXP 	window1: mouseVisible = True
10.7979 	EXP 	window1: mouseVisible = True
10.7985 	EXP 	window1: mouseVisible = True
10.8279 	EXP 	window1: mouseVisible = True
10.8282 	EXP 	window1: mouseVisible = True
10.8284 	EXP 	window1: mouseVisible = True
10.8290 	EXP 	window1: mouseVisible = True
10.8296 	EXP 	window1: mouseVisible = True
10.8365 	EXP 	window1: mouseVisible = True
10.8367 	EXP 	window1: mouseVisible = True
10.8373 	EXP 	window1: mouseVisible = True
10.8378 	EXP 	window1: mouseVisible = True
10.8447 	EXP 	window1: mouseVisible = True
10.8450 	EXP 	window1: mouseVisible = True
10.8530 	EXP 	Created text = TextStim(__class__=<class 'psychopy.visual.text.TextStim'>, alignHoriz=method-wrapper(...), alignText='center', alignVert=method-wrapper(...), anchorHoriz='center', anchorVert='center', antialias=True, autoDraw=False, autoLog=True, bold=False, color=array([-1., -1., -1.]), colorSpace='rgb', contrast=1.0, depth=-2.0, draggable=False, flipHoriz=False, flipVert=False, font='Open Sans', fontFiles=[], height=0.05, italic=False, languageStyle='LTR', name='text', opacity=1.0, ori=0.0, pos=array([0. , 0.3]), rgb=UNKNOWN, text='', units='height', win=Window(...), wrapWidth=1)
10.8531 	EXP 	window1: mouseVisible = True
10.8553 	EXP 	Created text_2 = TextStim(__class__=<class 'psychopy.visual.text.TextStim'>, alignHoriz=method-wrapper(...), alignText='center', alignVert=method-wrapper(...), anchorHoriz='center', anchorVert='center', antialias=True, autoDraw=False, autoLog=True, bold=False, color=array([-1., -1., -1.]), colorSpace='rgb', contrast=1.0, depth=-3.0, draggable=False, flipHoriz=False, flipVert=False, font='Open Sans', fontFiles=[], height=0.05, italic=False, languageStyle='LTR', name='text_2', opacity=1.0, ori=0.0, pos=array([ 0.  , -0.07]), rgb=UNKNOWN, text='', units='height', win=Window(...), wrapWidth=1)
0.0176 	EXP 	Imported lists.xlsx as conditions, 2 conditions, 1 params
0.0183 	EXP 	Created sequence: random, trialTypes=2, nReps=1, seed=None
0.0185 	EXP 	New trial (rep=0, index=0): {'listName': 'framing1.xlsx'}
0.0245 	EXP 	Imported framing1.xlsx as conditions, 5 conditions, 5 params
0.0248 	EXP 	Created sequence: random, trialTypes=5, nReps=1, seed=None
0.0250 	EXP 	New trial (rep=0, index=0): {'ItemText': 'At a fundraiser, you are presented with two options for a raffle ticket. For Option A,\nyou are guaranteed to win a gift card to a random restaurant valued at $5. For Option B, you\nhave a 20% chance to win a gift card to a random restaurant valued at $25.', 'Question': 'Which option would you select?', 'Option1': 'OPTION A', 'Option2': 'OPTION B', 'Framing': 1}
0.1321 	EXP 	text: height = 0.05
0.1321 	EXP 	text: height = 0.05
0.1321 	EXP 	text: height = 0.05
0.1321 	EXP 	text: text = 'At a fundraiser, you are presented with two options for a raffle ticket. For Option A,\nyou are guaranteed to win a gift card to a random restaurant valued at $5. For Option B, you\nhave a 20% chance to win a gift card to a random restaurant valued at $25.'
0.1321 	EXP 	text_2: height = 0.05
0.1321 	EXP 	text_2: height = 0.05
0.1321 	EXP 	text_2: height = 0.05
0.1321 	EXP 	text_2: text = 'Which option would you select?'
0.1321 	EXP 	text: autoDraw = True
0.1321 	EXP 	text_2: autoDraw = True
9.7453 	DATA 	Keypress: escape
9.8105 	EXP 	Framing_HieuLe: status = STOPPED
9.8259 	EXP 	text: autoDraw = False
9.8259 	EXP 	text_2: autoDraw = False
9.8260 	EXP 	Framing_HieuLe: status = STOPPED
9.8537 	EXP 	window1: mouseVisible = True
