6.1658 	WARNING 	User requested fullscreen with size [1024  768], but screen is actually [1440, 900]. Using actual size
6.9415 	EXP 	Created window1 = Window(allowGUI=True, allowStencil=False, autoLog=True, backendConf=UNKNOWN, backgroundFit=<method-wrapper '__getattribute__' of attributeSetter object at 0x7ff25cd7a700>, backgroundImage=<method-wrapper '__getattribute__' of attributeSetter object at 0x7ff25cd7a6a0>, bitsMode=UNKNOWN, blendMode='avg', bpc=(8, 8, 8), color=array([0, 0, 0]), colorSpace='rgb', depthBits=8, fullscr=<method-wrapper '__getattribute__' of attributeSetter object at 0x7ff25cd7a520>, gamma=None, gammaErrorPolicy='raise', lms=UNKNOWN, monitor=<psychopy.monitors.calibTools.Monitor object at 0x7ff25c4dce20>, multiSample=False, name='window1', numSamples=2, pos=[360.0, 225.0], screen=0, size=array([2880, 1800]), stencilBits=0, stereo=False, title='PsychoPy', units='height', useFBO=True, useRetina=True, viewOri=0.0, viewPos=None, viewScale=None, waitBlanking=True, winType='pyglet')
6.9417 	EXP 	window1: mouseVisible = True
6.9417 	EXP 	window1: backgroundImage = ''
6.9418 	EXP 	window1: backgroundFit = 'none'
6.9444 	EXP 	window1: Attempting to measure frame rate of screen (0) ...
6.9444 	EXP 	window1: recordFrameIntervals = False
7.1085 	EXP 	window1: recordFrameIntervals = True
7.2918 	EXP 	Screen (0) actual frame rate measured at 60.01Hz
7.2919 	EXP 	window1: recordFrameIntervals = False
7.2928 	EXP 	window1: mouseVisible = False
9.7512 	EXP 	Framing_HieuLe: status = STARTED
9.7520 	EXP 	window1: mouseVisible = True
9.7523 	EXP 	window1: mouseVisible = True
9.7531 	EXP 	window1: mouseVisible = True
9.7537 	EXP 	window1: mouseVisible = True
9.7632 	EXP 	window1: mouseVisible = True
9.7633 	EXP 	window1: mouseVisible = True
9.7639 	EXP 	window1: mouseVisible = True
9.7645 	EXP 	window1: mouseVisible = True
9.7824 	EXP 	window1: mouseVisible = True
9.7828 	EXP 	window1: mouseVisible = True
9.7830 	EXP 	window1: mouseVisible = True
9.7836 	EXP 	window1: mouseVisible = True
9.7842 	EXP 	window1: mouseVisible = True
9.7912 	EXP 	window1: mouseVisible = True
9.7913 	EXP 	window1: mouseVisible = True
9.7919 	EXP 	window1: mouseVisible = True
9.7925 	EXP 	window1: mouseVisible = True
9.7990 	EXP 	window1: mouseVisible = True
9.7992 	EXP 	window1: mouseVisible = True
9.8073 	EXP 	Created text = TextStim(__class__=<class 'psychopy.visual.text.TextStim'>, alignHoriz=method-wrapper(...), alignText='center', alignVert=method-wrapper(...), anchorHoriz='center', anchorVert='center', antialias=True, autoDraw=False, autoLog=True, bold=False, color=array([-1., -1., -1.]), colorSpace='rgb', contrast=1.0, depth=-2.0, draggable=False, flipHoriz=False, flipVert=False, font='Open Sans', fontFiles=[], height=0.03, italic=False, languageStyle='LTR', name='text', opacity=1.0, ori=0.0, pos=array([0. , 0.3]), rgb=UNKNOWN, text='', units='height', win=Window(...), wrapWidth=1)
9.8074 	EXP 	window1: mouseVisible = True
9.8087 	EXP 	Created text_2 = TextStim(__class__=<class 'psychopy.visual.text.TextStim'>, alignHoriz=method-wrapper(...), alignText='center', alignVert=method-wrapper(...), anchorHoriz='center', anchorVert='center', antialias=True, autoDraw=False, autoLog=True, bold=False, color=array([-1., -1., -1.]), colorSpace='rgb', contrast=1.0, depth=-3.0, draggable=False, flipHoriz=False, flipVert=False, font='Open Sans', fontFiles=[], height=0.03, italic=False, languageStyle='LTR', name='text_2', opacity=1.0, ori=0.0, pos=array([ 0.  , -0.04]), rgb=UNKNOWN, text='', units='height', win=Window(...), wrapWidth=1)
0.0189 	EXP 	Imported lists.xlsx as conditions, 2 conditions, 1 params
0.0196 	EXP 	Created sequence: random, trialTypes=2, nReps=1, seed=None
0.0198 	EXP 	New trial (rep=0, index=0): {'listName': 'framing2.xlsx'}
0.0256 	EXP 	Imported framing2.xlsx as conditions, 5 conditions, 5 params
0.0259 	EXP 	Created sequence: random, trialTypes=5, nReps=1, seed=None
0.0261 	EXP 	New trial (rep=0, index=0): {'ItemText': 'Linda is 31 years old, single, outspoken, and very bright. She majored in economics.\nAs a student, she was deeply concerned with issues of individual liberty, low taxes, and also\nparticipated in “small government” demonstrations. Which is more probable?', 'Question': 'Which is more probable:', 'Option1': 'Linda is a bank teller.', 'Option2': 'Linda is a bank teller who is also\ninvolved in the feminist movement.', 'Framing': 2}
0.1277 	EXP 	text: height = 0.03
0.1277 	EXP 	text: height = 0.03
0.1277 	EXP 	text: height = 0.03
0.1277 	EXP 	text: text = 'Linda is 31 years old, single, outspoken, and very bright. She majored in economics.\nAs a student, she was deeply concerned with issues of individual liberty, low taxes, and also\nparticipated in “small government” demonstrations. Which is more probable?'
0.1277 	EXP 	text_2: height = 0.03
0.1277 	EXP 	text_2: height = 0.03
0.1277 	EXP 	text_2: height = 0.03
0.1277 	EXP 	text_2: text = 'Which is more probable:'
0.1277 	EXP 	text: autoDraw = True
0.1277 	EXP 	text_2: autoDraw = True
7.7298 	DATA 	Keypress: escape
7.7836 	EXP 	Framing_HieuLe: status = STOPPED
7.7989 	EXP 	text: autoDraw = False
7.7989 	EXP 	text_2: autoDraw = False
7.7990 	EXP 	Framing_HieuLe: status = STOPPED
7.8279 	EXP 	window1: mouseVisible = True
