6.7212 	WARNING 	User requested fullscreen with size [1024  768], but screen is actually [1440, 900]. Using actual size
7.5077 	EXP 	Created window1 = Window(allowGUI=True, allowStencil=False, autoLog=True, backendConf=UNKNOWN, backgroundFit=<method-wrapper '__getattribute__' of attributeSetter object at 0x7f800bebb310>, backgroundImage=<method-wrapper '__getattribute__' of attributeSetter object at 0x7f800bebb2b0>, bitsMode=UNKNOWN, blendMode='avg', bpc=(8, 8, 8), color=array([0, 0, 0]), colorSpace='rgb', depthBits=8, fullscr=<method-wrapper '__getattribute__' of attributeSetter object at 0x7f800bebb100>, gamma=None, gammaErrorPolicy='raise', lms=UNKNOWN, monitor=<psychopy.monitors.calibTools.Monitor object at 0x7f800d396a30>, multiSample=False, name='window1', numSamples=2, pos=[360.0, 225.0], screen=0, size=array([2880, 1800]), stencilBits=0, stereo=False, title='PsychoPy', units='height', useFBO=True, useRetina=True, viewOri=0.0, viewPos=None, viewScale=None, waitBlanking=True, winType='pyglet')
7.5079 	EXP 	window1: mouseVisible = True
7.5079 	EXP 	window1: backgroundImage = ''
7.5079 	EXP 	window1: backgroundFit = 'none'
7.5101 	EXP 	window1: Attempting to measure frame rate of screen (0) ...
7.5102 	EXP 	window1: recordFrameIntervals = False
7.6751 	EXP 	window1: recordFrameIntervals = True
7.8577 	EXP 	Screen (0) actual frame rate measured at 59.83Hz
7.8577 	EXP 	window1: recordFrameIntervals = False
7.8586 	EXP 	window1: mouseVisible = False
10.5181 	EXP 	Framing_HieuLe: status = STARTED
10.5189 	EXP 	window1: mouseVisible = True
10.5192 	EXP 	window1: mouseVisible = True
10.5200 	EXP 	window1: mouseVisible = True
10.5206 	EXP 	window1: mouseVisible = True
10.5300 	EXP 	window1: mouseVisible = True
10.5302 	EXP 	window1: mouseVisible = True
10.5308 	EXP 	window1: mouseVisible = True
10.5314 	EXP 	window1: mouseVisible = True
10.5609 	EXP 	window1: mouseVisible = True
10.5612 	EXP 	window1: mouseVisible = True
10.5614 	EXP 	window1: mouseVisible = True
10.5620 	EXP 	window1: mouseVisible = True
10.5626 	EXP 	window1: mouseVisible = True
10.5696 	EXP 	window1: mouseVisible = True
10.5698 	EXP 	window1: mouseVisible = True
10.5704 	EXP 	window1: mouseVisible = True
10.5709 	EXP 	window1: mouseVisible = True
10.5778 	EXP 	window1: mouseVisible = True
10.5781 	EXP 	window1: mouseVisible = True
10.5875 	EXP 	Created text = TextStim(__class__=<class 'psychopy.visual.text.TextStim'>, alignHoriz=method-wrapper(...), alignText='center', alignVert=method-wrapper(...), anchorHoriz='center', anchorVert='center', antialias=True, autoDraw=False, autoLog=True, bold=False, color=array([-1., -1., -1.]), colorSpace='rgb', contrast=1.0, depth=-2.0, draggable=False, flipHoriz=False, flipVert=False, font='Open Sans', fontFiles=[], height=0.05, italic=False, languageStyle='LTR', name='text', opacity=1.0, ori=0.0, pos=array([0. , 0.3]), rgb=UNKNOWN, text='', units='height', win=Window(...), wrapWidth=1)
10.5876 	EXP 	window1: mouseVisible = True
10.5898 	EXP 	Created text_2 = TextStim(__class__=<class 'psychopy.visual.text.TextStim'>, alignHoriz=method-wrapper(...), alignText='center', alignVert=method-wrapper(...), anchorHoriz='center', anchorVert='center', antialias=True, autoDraw=False, autoLog=True, bold=False, color=array([-1., -1., -1.]), colorSpace='rgb', contrast=1.0, depth=-3.0, draggable=False, flipHoriz=False, flipVert=False, font='Open Sans', fontFiles=[], height=0.05, italic=False, languageStyle='LTR', name='text_2', opacity=1.0, ori=0.0, pos=array([ 0. , -0.1]), rgb=UNKNOWN, text='', units='height', win=Window(...), wrapWidth=1)
0.0186 	EXP 	Imported lists.xlsx as conditions, 2 conditions, 1 params
0.0193 	EXP 	Created sequence: random, trialTypes=2, nReps=1, seed=None
0.0196 	EXP 	New trial (rep=0, index=0): {'listName': 'framing2.xlsx'}
0.0257 	EXP 	Imported framing2.xlsx as conditions, 5 conditions, 5 params
0.0261 	EXP 	Created sequence: random, trialTypes=5, nReps=1, seed=None
0.0262 	EXP 	New trial (rep=0, index=0): {'ItemText': 'Linda is 31 years old, single, outspoken, and very bright. She majored in economics.\nAs a student, she was deeply concerned with issues of individual liberty, low taxes, and also\nparticipated in “small government” demonstrations. Which is more probable?', 'Question': 'Which is more probable:', 'Option1': 'Linda is a bank teller.', 'Option2': 'Linda is a bank teller who is also\ninvolved in the feminist movement.', 'Framing': 2}
0.1613 	EXP 	text: height = 0.05
0.1613 	EXP 	text: height = 0.05
0.1613 	EXP 	text: height = 0.05
0.1613 	EXP 	text: text = 'Linda is 31 years old, single, outspoken, and very bright. She majored in economics.\nAs a student, she was deeply concerned with issues of individual liberty, low taxes, and also\nparticipated in “small government” demonstrations. Which is more probable?'
0.1613 	EXP 	text_2: height = 0.05
0.1613 	EXP 	text_2: height = 0.05
0.1613 	EXP 	text_2: height = 0.05
0.1613 	EXP 	text_2: text = 'Which is more probable:'
0.1613 	EXP 	text: autoDraw = True
0.1613 	EXP 	text_2: autoDraw = True
19.7185 	DATA 	Keypress: escape
19.7689 	EXP 	Framing_HieuLe: status = STOPPED
19.7843 	EXP 	text: autoDraw = False
19.7843 	EXP 	text_2: autoDraw = False
19.7843 	EXP 	Framing_HieuLe: status = STOPPED
19.8139 	EXP 	window1: mouseVisible = True
